output frequency: 10
structural node: 1 0 0 0 euler123 -0 0 0
structural node: 2 0 0 -1 euler123 -0 0 0
structural node: 3 0 0 0 euler123 -0 0 0
body: 1 2 1 0 0 0 1 0 0 0 1 0 0 0 1
drivedisplacementpin: 1 1 0 0 0 0 0 0
inline: 2 1 0 0 0 1 0 0 0 1 0 0 0 1 2 0 0 0 1 0 0 0 1 0 0 0 1
prismatic: 3 1 0 0 0 1 0 0 0 1 0 0 0 1 2 0 0 0 1 0 0 0 1 0 0 0 1
deformabledisplacementjoint: 4 1 0 0 0 1 0 0 0 1 0 0 0 1 2 0 0 0 1 0 0 0 1 0 0 0 1
clamp: 5 3 0 0 0 1 0 0 0 1 0 0 0 1 3 0 0 0 1 0 0 0 1 0 0 0 1
structural absolute force: 1 2 0 0 0
struct node dofs: 0 12 24
struct node eqs: 6 18 24
struct node momentum dofs: 6 18
struct node momentum eqs: 0 12
struct displacement node dofs: 0 12 24
struct displacement node eqs: 6 18 24
struct displacement node momentum dofs: 6 18
struct displacement node momentum eqs: 0 12
struct node labels: 1 2 3
struct displacement node labels: 1 2 3
Symbol table:
  integer Body_Mass = 1
  real Cc = 10.
  const real DZ = -1.23927
  real Dc = 0.0001
  real Ec = 1.2
  const bool FALSE = 0
  integer FoStr_Contact_Mass = 1
  real H = -1.5
  const integer INT_MAX = 2147483647
  const integer INT_MIN = -2147483648
  integer JoClamp_Ground = 5
  integer JoDfmd_Spring = 4
  integer JoDrivp_Actuator = 1
  integer JoInlin_Actuator_Mass = 2
  integer JoPrism_Actuator_Mass = 3
  real K = 40.
  real Kc = 10000.
  real L = 1.
  real M = 1.
  integer Node_Actuator = 1
  integer Node_Ground = 3
  integer Node_Mass = 2
  const integer RAND_MAX = 2147483647
  const real REAL_MAX = 1.79769e+308
  const real REAL_MIN = 2.22507e-308
  integer Step = 0
  const bool TRUE = 1
  real Time = 0.
  real TimeStep = 0.
  const real VZ = 0.
  real Var = 0.
  const real deg2rad = 0.0174533
  const real e = 2.71828
  const real ft2m = 0.3048
  const real in2m = 0.0254
  const real in2mm = 25.4
  const real kg2lb = 2.20462
  const real kg2slug = 0.0685218
  const real lb2kg = 0.453592
  const real m2ft = 3.28084
  const real m2in = 39.3701
  const real mm2in = 0.0393701
  const real pi = 3.14159
  const real rad2deg = 57.2958
  const real slug2kg = 14.5939
Environment:
  LC_PAPER=it_IT.UTF-8
  XDG_SESSION_ID=5
  LC_ADDRESS=it_IT.UTF-8
  LC_MONETARY=it_IT.UTF-8
  TERM=xterm-256color
  SHELL=/bin/bash
  XDG_SESSION_COOKIE=b04fcab5174057844d2afb5f00000009-1511339551.954970-510931847
  SSH_CLIENT=131.175.154.200 53210 22
  OPENBLAS_NUM_THREADS=1
  LC_NUMERIC=it_IT.UTF-8
  SSH_TTY=/dev/pts/17
  USER=louis
  LD_LIBRARY_PATH=:/home/louis/bin/dakota-6.5.0.Linux.x86_64/lib:/home/louis/bin/dakota-6.5.0.Linux.x86_64/bin
  LS_COLORS=rs=0:di=01;34:ln=01;36:mh=00:pi=40;33:so=01;35:do=01;35:bd=40;33;01:cd=40;33;01:or=40;31;01:su=37;41:sg=30;43:ca=30;41:tw=30;42:ow=34;42:st=37;44:ex=01;32:*.tar=01;31:*.tgz=01;31:*.arj=01;31:*.taz=01;31:*.lzh=01;31:*.lzma=01;31:*.tlz=01;31:*.txz=01;31:*.zip=01;31:*.z=01;31:*.Z=01;31:*.dz=01;31:*.gz=01;31:*.lz=01;31:*.xz=01;31:*.bz2=01;31:*.bz=01;31:*.tbz=01;31:*.tbz2=01;31:*.tz=01;31:*.deb=01;31:*.rpm=01;31:*.jar=01;31:*.war=01;31:*.ear=01;31:*.sar=01;31:*.rar=01;31:*.ace=01;31:*.zoo=01;31:*.cpio=01;31:*.7z=01;31:*.rz=01;31:*.jpg=01;35:*.jpeg=01;35:*.gif=01;35:*.bmp=01;35:*.pbm=01;35:*.pgm=01;35:*.ppm=01;35:*.tga=01;35:*.xbm=01;35:*.xpm=01;35:*.tif=01;35:*.tiff=01;35:*.png=01;35:*.svg=01;35:*.svgz=01;35:*.mng=01;35:*.pcx=01;35:*.mov=01;35:*.mpg=01;35:*.mpeg=01;35:*.m2v=01;35:*.mkv=01;35:*.webm=01;35:*.ogm=01;35:*.mp4=01;35:*.m4v=01;35:*.mp4v=01;35:*.vob=01;35:*.qt=01;35:*.nuv=01;35:*.wmv=01;35:*.asf=01;35:*.rm=01;35:*.rmvb=01;35:*.flc=01;35:*.avi=01;35:*.fli=01;35:*.flv=01;35:*.gl=01;35:*.dl=01;35:*.xcf=01;35:*.xwd=01;35:*.yuv=01;35:*.cgm=01;35:*.emf=01;35:*.axv=01;35:*.anx=01;35:*.ogv=01;35:*.ogx=01;35:*.aac=00;36:*.au=00;36:*.flac=00;36:*.mid=00;36:*.midi=00;36:*.mka=00;36:*.mp3=00;36:*.mpc=00;36:*.ogg=00;36:*.ra=00;36:*.wav=00;36:*.axa=00;36:*.oga=00;36:*.spx=00;36:*.xspf=00;36:
  LC_TELEPHONE=it_IT.UTF-8
  MAIL=/var/mail/louis
  PATH=/home/louis/bin:/home/louis/miniconda3/bin:/home/louis/bin/dakota-6.5.0.Linux.x86_64/bin:/home/louis/bin/dakota-6.5.0.Linux.x86_64/test:/usr/local/sbin:/usr/local/bin:/usr/sbin:/usr/bin:/sbin:/bin:/usr/games:/usr/local/games
  LC_MESSAGES=en_CA.UTF-8
  QT_QPA_PLATFORMTHEME=appmenu-qt5
  LC_COLLATE=en_CA.UTF-8
  LC_IDENTIFICATION=it_IT.UTF-8
  PWD=/home/louis/PIF/GSoC/Gci2016/mbdyn-gci/MBDynOutputs
  LANG=en_CA.UTF-8
  LC_MEASUREMENT=it_IT.UTF-8
  SHLVL=1
  HOME=/home/louis
  LANGUAGE=en_CA:en
  LOGNAME=louis
  LC_CTYPE=en_CA.UTF-8
  SSH_CONNECTION=131.175.154.200 53210 10.48.68.233 22
  LESSOPEN=| /usr/bin/lesspipe %s
  XDG_RUNTIME_DIR=/run/user/1000
  LESSCLOSE=/usr/bin/lesspipe %s %s
  LC_TIME=it_IT.UTF-8
  LC_NAME=it_IT.UTF-8
  OLDPWD=/home/louis/PIF/GSoC/Gci2016/mbdyn-gci
  _=/usr/bin/mbdyn
